Finding solutions from different starting point
time(s) mean MWFT
0.389 8.33537
11.763 8.2048
22.967 8.11177
33.62 7.94274
45.124 7.80138
56.524 7.70389
66.811 7.65183
76.243 7.5377
85.217 7.47875
Finding solutions from different starting point
time(s) mean MWFT
102.043 8.23282
112.686 8.07023
123.207 8.00998
133.867 7.95412
145.298 7.80789
156.199 7.69689
167.451 7.63428
179.201 7.58296
188.62 7.47164
Finding solutions from different starting point
time(s) mean MWFT
205.079 8.56189
214.31 8.50366
223.926 8.39823
233.153 8.28206
242.554 8.11709
251.865 7.96951
261.728 7.75643
272.725 7.65045
282.846 7.58399
292.327 7.49148
302.597 7.40873
Finding solutions from different starting point
time(s) mean MWFT
319.409 8.63225
330.666 8.50559
341.646 8.44817
351.812 8.34175
362.05 8.20616
372.178 8.00399
381.844 7.85403
391.484 7.72399
400.948 7.67374
409.749 7.54642
418.657 7.50206
427.25 7.47409
435.111 7.45905
443.051 7.45333
Finding solutions from different starting point
time(s) mean MWFT
457.906 8.24054
458.301 8.09059
469.859 7.9874
481.387 7.90727
491.477 7.78056
501.518 7.66828
511.466 7.56449
521.415 7.48264
530.812 7.46441
539.766 7.4304
547.693 7.39142
560.366 7.39142
