Finding solutions from different starting point
time(s) mean MWFT
0.934 33.2084
2.786 29.7192
4.81 29.4166
6.773 29.1207
9.007 29.1187
11.164 28.7042
Finding solutions from different starting point
time(s) mean MWFT
17.68 31.3773
19.716 30.2378
21.598 28.8511
24.315 28.7922
37.297 28.7892
Finding solutions from different starting point
time(s) mean MWFT
50.042 42.8044
51.012 34.6853
52.952 31.6365
54.809 30.1141
56.622 29.6891
58.547 28.6165
Finding solutions from different starting point
time(s) mean MWFT
72.241 31.3072
74.558 29.5074
76.568 29.4899
78.46 28.8114
81.521 28.8054
86.29 28.7563
91.294 28.74
Finding solutions from different starting point
time(s) mean MWFT
95.169 32.6534
97.474 29.7277
99.967 29.4236
102.257 28.7921
Finding solutions from different starting point
time(s) mean MWFT
118.476 32.3741
120.464 29.8246
122.384 29.5108
124.368 28.7042
Finding solutions from different starting point
time(s) mean MWFT
142.181 35.4176
144.221 32.534
146.289 30.8445
148.2 30.0074
150.085 29.2581
152.077 28.9913
154.029 28.8345
157.829 28.8099
Finding solutions from different starting point
time(s) mean MWFT
162.638 33.1875
164.735 30.3072
166.629 29.5865
168.49 28.7289
Finding solutions from different starting point
time(s) mean MWFT
176.06 32.9176
178.025 30.6131
180.03 29.9309
181.928 28.6324
186.71 28.5678
Finding solutions from different starting point
time(s) mean MWFT
200.126 36.6828
202.525 33.2837
204.568 31.5067
206.606 30.6708
208.582 29.0826
216.242 28.5678
