Finding solutions from different starting point
time(s) mean MWFT
0.31 34.1858
6.008 32.6875
11.704 30.6584
17.658 28.625
22.82 27.9241
27.947 27.2885
31.643 26.9811
35.677 26.9456
40.986 26.9209
Finding solutions from different starting point
time(s) mean MWFT
47.114 95.5686
53.686 95.1629
60.845 93.6148
67.268 92.7627
73.408 88.0501
79.264 85.1704
85.529 70.8022
90.962 64.4412
95.82 49.4019
101.358 37.595
108.007 35.7221
115.568 31.6017
122.301 29.4212
128.345 28.0231
133.738 27.377
Finding solutions from different starting point
time(s) mean MWFT
142.923 35.0951
149.532 34.1129
155.982 32.8358
162.643 30.0293
169.102 28.7534
174.862 27.4474
Finding solutions from different starting point
time(s) mean MWFT
183.692 57.8022
190.614 57.4926
197.857 57.2416
204.912 56.5905
211.145 52.8078
218.023 49.4239
224.681 44.9393
231.146 34.7504
238.448 31.1418
244.956 29.1167
251.376 27.7273
257.015 27.6817
262.162 27.3452
266.636 26.9456
271.832 26.9209
Finding solutions from different starting point
time(s) mean MWFT
277.228 48.4207
283.811 47.9361
290.463 46.278
297.5 45.1986
304.496 43.0176
311.25 36.3781
317.736 32.3273
323.862 29.9029
329.573 28.7243
335.047 27.5015
Finding solutions from different starting point
time(s) mean MWFT
343.918 35.7357
351.658 34.8138
359.483 33.9628
366.985 32.7609
374.402 30.0808
381.059 28.8054
387.111 27.5015
Finding solutions from different starting point
time(s) mean MWFT
396.124 37.702
396.427 33.8461
403.078 33.4876
409.637 31.6173
416.747 29.293
423.338 28.1035
429.741 27.7912
435.602 27.2502
440.76 27.2
Finding solutions from different starting point
time(s) mean MWFT
445.654 75.5548
452.421 74.9076
458.999 70.5183
465.433 67.7504
471.674 56.2126
479.301 41.9817
487.626 35.7027
494.395 32.0996
501.078 29.6364
507.714 28.6448
513.691 27.5015
Finding solutions from different starting point
time(s) mean MWFT
522.668 45.7269
528.194 44.5827
534.294 43.2297
540.299 42.3248
546.03 33.0017
552.274 30.2047
557.563 28.5677
562.893 27.4853
569.45 27.4643
Finding solutions from different starting point
time(s) mean MWFT
578.874 39.1684
584.051 38.7536
589.218 35.7808
594.221 33.0895
599.008 30.291
603.332 28.6082
607.754 27.5176
612.204 27.4869
616.565 27.4738
619.908 27.0362
623.097 27.0167
626.533 26.9209
