Finding solutions from different starting point
time(s) mean MWFT
0.415 18.2803
10.076 18.172
19.338 17.9099
28.757 17.7068
38.504 17.1001
49.075 16.4479
59.548 15.9231
70.046 15.0871
80.877 14.533
91.373 14.2011
100.699 13.9461
109.56 13.8178
118.468 13.6057
127.207 13.6048
135.233 13.4325
145.067 13.4292
159.249 13.4161
Finding solutions from different starting point
time(s) mean MWFT
176.307 18.1383
187.906 18.0097
204.585 17.923
219.934 17.5736
230.741 17.2917
241.115 16.8581
251.268 16.5001
261.594 15.8506
272.381 15.0236
284.796 14.4658
296.708 14.139
307.617 13.8855
318.054 13.6403
327.535 13.6202
336.685 13.4945
346.211 13.4778
363.568 13.4665
Finding solutions from different starting point
time(s) mean MWFT
380.13 17.6902
390.542 17.5905
400.682 17.37
410.959 17.0001
421.063 16.5738
431.074 16.1061
441.566 15.5683
451.311 14.8267
460.904 14.3298
470.218 14.0359
479.454 13.8582
488.357 13.5843
499.954 13.5779
509.319 13.4532
519.208 13.4238
Finding solutions from different starting point
time(s) mean MWFT
536.009 18.412
536.459 18.1536
549.063 18.026
561.748 17.8197
573.87 17.2781
586.41 16.4528
598.732 15.8578
610.533 15.0671
622.589 14.5537
633.966 14.2602
644.451 13.9672
654.703 13.854
664.209 13.5911
673.73 13.5731
683.331 13.4477
696.13 13.4122
Finding solutions from different starting point
time(s) mean MWFT
717.243 16.9007
731.307 16.712
743.509 16.6052
755.978 16.236
767.445 15.839
779.664 15.5313
792.316 15.0736
804.957 14.3811
816.691 13.9727
827.867 13.8422
838.659 13.6297
848.811 13.5921
858.837 13.4525
867.842 13.4067
882.466 13.4044
899.931 13.4044
