Finding solutions from different starting point
time(s) mean MWFT
0.348 30.2618
9.962 30.1546
19.922 30.0013
29.826 29.551
38.481 27.2782
47.611 23.4999
57.809 21.3956
66.01 20.0809
74.074 19.2069
81.949 18.5932
90.049 18.3383
96.437 17.8398
104.08 17.8238
116.833 17.8209
Finding solutions from different starting point
time(s) mean MWFT
130.096 26.2221
137.629 26.0122
144.63 25.4263
151.565 24.7927
158.112 23.0531
164.255 21.1811
170.409 19.9119
176.109 19.1346
181.623 18.5884
186.888 18.1612
191.996 17.9052
Finding solutions from different starting point
time(s) mean MWFT
199.513 30.1646
199.88 29.8498
210.232 29.7683
220.222 29.4913
230.292 28.2586
239.515 25.8196
248.818 22.2389
257.062 20.4399
266.006 19.3667
273.775 18.7603
281.382 18.3713
290.333 18.0209
298.045 18.0042
305.261 17.8223
311.041 17.5943
316.305 17.5579
324.212 17.5487
Finding solutions from different starting point
time(s) mean MWFT
333.518 25.7723
341.323 25.4983
349.032 24.7953
357.353 23.2672
366.729 21.8545
375.238 20.6973
383.831 19.5625
392.182 18.8695
399.835 18.3927
407.401 17.9224
419.387 17.9012
Finding solutions from different starting point
time(s) mean MWFT
431.141 34.4296
431.482 34.2988
439.029 34.029
446.216 33.859
454.05 33.4121
461.639 32.8857
469.153 32.0527
476.275 23.4025
484.232 20.7493
491.31 20.3225
498.295 19.2227
505.184 18.4218
511.594 18.1702
518.763 18.0246
525.734 17.6876
532.8 17.6561
539.803 17.6378
547.034 17.6203
556.638 17.613
566.597 17.5487
