Finding solutions from different starting point
time(s) mean MWFT
0.399 14.8823
10.995 14.5359
21.584 14.2977
31.379 14.0665
41.749 13.8628
54.03 13.7287
67.431 13.5445
77.253 13.3752
86.69 13.2877
96.437 13.1259
107.203 13.099
116.64 13.022
125.262 13.0096
136.358 12.9927
148.182 12.9816
164.028 12.9718
Finding solutions from different starting point
time(s) mean MWFT
179.436 14.4896
190.835 14.2454
202.487 14.0491
215.262 13.901
227.209 13.7534
239.751 13.5438
251.658 13.3763
262.164 13.3047
272.243 13.1268
283.15 13.0985
293.851 13.0227
304.382 13.0212
313.148 13.0094
321.048 12.9335
331.607 12.9322
Finding solutions from different starting point
time(s) mean MWFT
341.804 17.1156
352.945 16.857
365.105 16.6096
377.641 16.4409
390.123 16.2636
401.93 16.1304
414.736 15.9874
426.568 14.8968
438.868 14.3625
450.809 13.9984
463.213 13.7825
473.831 13.618
484.293 13.4515
494.728 13.3694
505.03 13.1564
515.107 13.1511
525.095 13.0482
534.278 13.0116
546.368 13.0065
561.434 12.9923
Finding solutions from different starting point
time(s) mean MWFT
581.016 15.732
594.073 15.516
606.595 15.3339
620.146 15.0194
632.044 14.8212
644.08 14.5017
656.617 14.2572
669.961 13.9586
682.012 13.7022
693.894 13.4897
706.353 13.3512
719.064 13.2506
731.522 13.0785
746.476 13.0751
757.395 13.0101
769.177 12.9982
780.452 12.9474
791.291 12.9454
Finding solutions from different starting point
time(s) mean MWFT
807.14 15.8573
820.476 15.6504
832.89 15.5003
845.492 15.3037
858.251 15.0288
869.996 14.7201
883.024 14.4442
895.742 14.1326
908.252 13.8331
920.467 13.5985
932.089 13.428
943.087 13.2517
954.252 13.2173
965.432 13.0662
976.018 12.9966
987.409 12.9902
998.168 12.9876
1008.5 12.9642
1018.65 12.9631
1031.74 12.957
1047.74 12.9521
1062.45 12.9322
