Finding solutions from different starting point
time(s) mean MWFT
0.401 17.277
3.31 16.6129
9.204 16.4723
18.037 16.2874
43.2 16.2874
53.112 16.188
63.006 15.8491
72.703 15.3463
82.279 14.9473
91.739 14.2024
101.203 13.8043
109.995 13.4958
118.038 13.2814
125.53 13.1063
134.614 13.0832
144.576 13.0743
152.915 13.0645
160.127 12.9586
168.68 12.9512
Finding solutions from different starting point
time(s) mean MWFT
180.728 20.7769
181.538 20.6274
182.375 18.8822
182.79 18.7563
186.479 18.7031
187.282 17.6058
194.338 17.0928
202.897 16.2929
215.413 15.2891
217.09 15.2618
222.015 15.2618
232.134 15.0421
242.609 14.8263
252.74 14.5084
262.782 14.1715
272.625 13.8112
282.015 13.5384
290.83 13.3446
299.619 13.1151
308.299 13.1131
320.671 13.1064
Finding solutions from different starting point
time(s) mean MWFT
334.248 16.7526
357.177 15.9237
362.492 15.4254
375.119 15.4254
375.502 15.2219
385.837 15.0867
396.109 14.8454
406.025 14.5741
415.976 13.9459
425.632 13.5861
434.424 13.4217
442.421 13.1335
450.787 13.1161
458.336 13.1075
465.433 12.9439
473.828 12.9412
Finding solutions from different starting point
time(s) mean MWFT
485.968 16.5178
502.966 16.134
523.69 15.876
526.428 15.876
536.615 15.7359
546.802 15.6089
556.685 15.3752
566.45 14.5838
576.142 14.0639
585.355 13.7096
594.277 13.4383
602.997 13.3219
611.815 13.1373
620.715 13.1215
630.166 13.0772
637.652 12.9728
645.766 12.9589
656.927 12.952
Finding solutions from different starting point
time(s) mean MWFT
668.851 23.5572
669.243 22.3373
669.621 18.6415
670.954 16.886
673.004 16.722
677.852 16.5487
679.423 16.4681
679.818 15.6319
708.967 15.6319
719.225 15.5041
729.286 15.415
739.309 15.1532
749.075 14.8822
758.766 14.3569
768.22 13.8534
777.52 13.5478
785.946 13.3288
794.421 13.1027
804.155 13.0958
816.644 13.0945
825.364 13.0892
832.834 12.993
844.041 12.9412
