Finding solutions from different starting point
time(s) mean MWFT
0.509 22.2465
1.055 21.9228
15.38 21.8373
29.135 21.7567
42.919 21.6912
59.386 21.6147
73.361 21.3279
87.505 19.6255
101.109 17.5526
116.79 16.1969
129.408 15.2247
140.641 14.5604
151.583 14.107
162.785 13.865
174.134 13.6164
184.805 13.3526
195.756 13.2339
205.107 13.0592
Finding solutions from different starting point
time(s) mean MWFT
222.496 20.1761
236.651 20.0591
251.056 19.9669
264.872 19.8698
278.243 19.791
291.228 19.5625
303.705 19.0158
316.144 18.5708
328.826 17.9305
341.527 17.3089
353.889 15.7124
366.126 14.7344
378.806 14.155
391.841 13.7732
402.842 13.5295
413.815 13.3994
423.552 13.2208
433.128 13.1973
442.14 13.0734
450.252 12.9947
461.789 12.9815
474.71 12.9701
489.637 12.9635
Finding solutions from different starting point
time(s) mean MWFT
504.867 15.9996
515.503 15.8062
526.637 15.6296
537.56 15.4913
549.129 14.7995
562.543 14.336
572.863 13.9497
582.253 13.7267
592.314 13.4355
600.544 13.3296
608.761 13.1365
616.848 13.1175
625.374 13.0184
633.268 12.9876
646.253 12.9743
Finding solutions from different starting point
time(s) mean MWFT
658.537 18.698
669.781 18.3122
682.261 18.066
693.631 17.6585
704.24 17.2566
714.61 16.7639
724.847 15.2635
734.951 14.3704
744.466 13.9135
753.438 13.5548
761.652 13.3103
769.716 13.1768
777.785 13.1435
785.172 12.9706
793.974 12.9568
802.619 12.9433
814.926 12.942
Finding solutions from different starting point
time(s) mean MWFT
827.6 18.2836
838.515 18.121
849.256 17.8276
860.001 17.2586
870.628 16.8139
881.073 16.3221
891.361 15.6882
901.119 14.9369
910.962 14.3739
920.296 14.0015
929.653 13.7518
938.926 13.4708
948.004 13.3778
956.273 13.105
965.484 13.0989
980.943 13.0729
996.488 12.942
