Finding solutions from different starting point
time(s) mean MWFT
0.569 65.0007
8.569 64.7462
16.036 64.0719
24.814 58.922
33.239 53.9291
43.213 40.7163
53.431 34.8042
62.182 31.5462
70.125 29.5331
77.902 28.4741
84.953 27.4802
93.172 27.4265
Finding solutions from different starting point
time(s) mean MWFT
106.1 40.5025
113.266 39.9075
120.609 37.0641
128.491 33.2259
137.587 30.355
145.832 28.6771
153.618 27.3854
Finding solutions from different starting point
time(s) mean MWFT
164.343 63.6652
171.451 62.8204
179.181 61.4419
186.774 49.7678
193.48 37.8644
201.226 32.987
207.994 30.8203
215.258 29.2846
222.206 27.8961
228.624 27.5093
Finding solutions from different starting point
time(s) mean MWFT
239.147 80.9145
247.665 80.5978
255.843 76.7758
264.154 66.8641
271.67 45.2194
279.827 37.245
286.924 32.9212
293.661 30.1984
300.126 28.9173
305.882 27.7298
311.379 27.7077
316.267 27.357
321.132 27.0174
Finding solutions from different starting point
time(s) mean MWFT
326.853 48.5395
335.3 46.2918
343.085 42.689
350.109 33.6843
358.393 32.1457
365.77 29.6607
372.887 27.9815
379.866 27.7681
385.424 27.5662
390.635 27.1855
395.705 26.9456
401.754 26.9205
407.837 26.9205
