Finding solutions from different starting point
time(s) mean MWFT
0.372 33.0065
24.168 32.9418
37.152 32.9418
44.284 32.6044
51.132 31.369
58.179 29.1658
64.643 27.8025
70.601 27.7373
76.42 27.2026
82.053 27.0116
Finding solutions from different starting point
time(s) mean MWFT
88.607 44.6354
88.976 41.9949
89.341 37.0949
92.323 36.4711
98.664 31.4307
111.432 31.2375
126.298 31.2375
131.948 30.0347
138.347 28.9017
144.341 28.2609
148.686 27.7719
153.009 27.381
157.358 26.9811
161.855 26.9456
167.715 26.9209
Finding solutions from different starting point
time(s) mean MWFT
174.004 45.8871
174.357 40.8181
174.697 37.3927
175.344 33.2934
177.438 32.0945
189.88 31.7428
210.198 31.7428
217.909 31.2193
225.48 29.2183
232.901 28.0184
239.977 27.5819
246.187 27.2026
251.349 27.0116
Finding solutions from different starting point
time(s) mean MWFT
257.54 33.5974
276.207 31.9243
292.74 31.9243
299.385 31.1746
305.581 29.968
311.35 28.4691
316.801 27.807
321.872 27.7869
325.793 27.3225
329.711 27.0701
Finding solutions from different starting point
time(s) mean MWFT
335.239 43.2208
336.317 35.6626
337.357 34.0689
354.772 33.85
355.776 32.9633
363.661 32.1829
371.654 32.1829
378.462 30.7962
385.092 28.8517
391.787 28.0638
398.346 27.6762
404.278 27.6299
409.641 27.3452
414.701 26.9456
420.653 26.9209
426.42 26.9209
