Finding solutions from different starting point
time(s) mean MWFT
0.433 19.4655
12.245 19.3115
22.761 19.2323
33.343 19.0855
43.414 18.7429
53.228 18.0052
64.04 17.2589
74.347 16.5715
85.247 15.4386
95.466 14.6943
105.718 14.192
115.149 13.7718
124.245 13.4677
133.05 13.3323
141.82 13.125
150.436 13.1037
164.933 13.0823
179.114 13.0808
Finding solutions from different starting point
time(s) mean MWFT
193.911 19.0884
204.124 18.9114
214.451 18.6604
224.682 18.3908
235.728 17.8861
245.615 17.3673
255.182 16.9665
265.128 16.5649
274.406 15.2234
283.034 14.3922
291.585 13.8317
299.344 13.5575
306.971 13.3045
314.528 13.1713
321.742 13.1388
328.801 12.9636
336.21 12.9565
344.262 12.9446
355.515 12.9412
Finding solutions from different starting point
time(s) mean MWFT
368.238 33.7426
378.577 33.5949
388.597 33.5267
398.827 33.2271
409.658 32.799
419.31 32.3021
428.951 31.8233
438.778 31.4602
448.424 31.1408
457.855 29.8206
467.018 24.6722
477.46 20.2587
487.611 17.849
497.519 16.3472
506.851 15.3647
516.002 14.716
524.575 14.3666
534.218 14.0126
542.218 13.6409
549.838 13.4863
556.806 13.266
563.804 13.1158
572.474 13.1128
581.346 13.0983
588.544 13.0309
595.144 12.9718
603.366 12.9717
Finding solutions from different starting point
time(s) mean MWFT
612.248 23.385
612.696 22.6683
623.747 22.5779
635.183 22.4807
645.921 22.4255
656.702 22.2985
667.653 22.0506
678.138 21.8886
688.834 21.329
698.995 20.5533
709.106 17.5013
719.414 15.9069
729.144 14.9155
738.298 14.3139
747.41 14.0815
756.476 13.7387
765.016 13.4413
773.437 13.2118
781.463 13.1697
788.702 13.0987
795.782 12.9773
804.035 12.9593
814.334 12.9581
826.304 12.955
Finding solutions from different starting point
time(s) mean MWFT
839.426 19.3945
848.44 19.248
857.718 18.7311
866.629 18.3299
875.559 17.5546
884.037 16.7462
892.798 15.6009
901.185 14.8592
909.111 14.3453
916.806 13.9997
924.193 13.745
931.674 13.488
939.239 13.3803
945.997 13.1219
953.126 13.0997
963.31 13.0904
974.763 13.0845
989.454 12.9412
