Finding solutions from different starting point
time(s) mean MWFT
0.606 7.41849
13.858 7.37702
27.029 7.35427
40.599 7.34701
55.484 7.33865
69.862 7.22018
82.759 7.18418
95.841 7.16725
109.743 7.15088
122.114 7.13969
124.203 7.13892
136.895 7.11522
149.419 7.0822
161.882 7.04414
176.783 7.00415
190.867 6.99522
204.626 6.9352
Finding solutions from different starting point
time(s) mean MWFT
231.12 8.22736
243.691 8.22105
258.725 8.02664
274.907 7.8547
290.38 7.70326
302.696 7.70014
314.159 7.57255
325.745 7.5377
338.491 7.50621
351.872 7.4875
363.903 7.47582
366.067 7.47355
376.774 7.45261
386.991 7.44424
389.276 7.43421
400.201 7.39271
411.979 7.35095
414.214 7.35024
426.059 7.30949
436.894 7.25012
447.676 7.22151
459.394 7.20483
470.309 7.15926
482.194 7.10707
493.051 7.1001
503.578 7.05147
514.29 7.04119
529.307 6.94798
541.837 6.94776
555.313 6.94563
566.874 6.91985
578.562 6.88431
Finding solutions from different starting point
time(s) mean MWFT
605.056 7.64495
605.585 7.43363
618.18 7.41097
630.773 7.40835
644.007 7.40194
655.51 7.25446
667.275 7.134
679.257 7.1067
691.041 7.0872
702.682 7.04809
713.863 7.00524
725.016 7.00307
735.668 6.95002
757.772 6.94698
Finding solutions from different starting point
time(s) mean MWFT
782.995 7.42526
788.357 7.39945
801.43 7.37516
814.505 7.36228
829.182 7.35498
842.804 7.24083
855.926 7.19852
870.681 7.1659
884.645 7.16252
897.302 7.13987
909.535 7.12969
922.355 7.11631
934.486 7.08939
946.192 7.0641
957.327 7.02172
968.351 7.00163
980.142 6.94045
992.268 6.93403
1003.12 6.91483
1013.98 6.90873
1026.76 6.90139
1037.43 6.87752
1047.71 6.86945
Finding solutions from different starting point
time(s) mean MWFT
1068.58 7.64288
1081.76 7.60526
1094.83 7.57768
1108.57 7.56171
1121.36 7.41419
1134.47 7.3171
1147.34 7.26132
1159.46 7.2351
1172.26 7.22384
1183.62 7.21979
1195.87 7.21177
1198.16 7.20813
1210.89 7.2038
1221.82 7.19988
1234.1 7.19413
1246.02 7.16772
1258.85 7.13129
1271.52 7.10145
1284.25 7.05049
1295.72 7.00135
1308.31 6.99861
1319.96 6.9365
1332.48 6.93643
1342.3 6.93504
1351.5 6.89616
1369.86 6.86945
