Finding solutions from different starting point
time(s) mean MWFT
0.686 20.1989
2.012 20.1656
15.976 20.0464
30.062 20.0011
44.811 19.8994
58.259 19.8517
71.574 19.6642
84.543 16.7458
97.424 15.0139
108.808 13.8743
120.129 13.0327
133.329 12.5029
146.804 12.3234
158.896 11.9392
169.815 11.6533
180.436 11.4207
190.652 11.2353
199.976 11.1759
208.888 11.0033
217.306 10.919
226.721 10.902
235.899 10.8691
244.639 10.8683
254.12 10.7999
Finding solutions from different starting point
time(s) mean MWFT
264.885 14.9817
281.288 14.7417
297.066 14.6424
312.376 14.5572
328.147 14.448
344.069 13.513
358.817 12.8573
373.215 12.3765
387.253 12.1773
401.453 11.8648
414.02 11.4869
426.336 11.2831
438.318 11.1009
450.273 10.9696
461.373 10.9395
472.38 10.8217
484.874 10.8098
495.139 10.7916
507.309 10.7771
Finding solutions from different starting point
time(s) mean MWFT
525.219 14.1197
525.871 14.1044
542.269 13.9493
560.191 13.7822
576.517 13.6973
592.835 13.6141
608.084 13.5088
623.831 13.3697
639.089 12.7488
653.453 12.2739
667.502 11.8482
681.302 11.5213
694.513 11.3503
706.761 11.0758
718.574 10.9836
729.616 10.9533
740.264 10.8344
752.165 10.8219
763.272 10.8201
Finding solutions from different starting point
time(s) mean MWFT
779.838 13.4276
795.52 13.2622
811.061 13.1529
826.838 13.1045
842.412 12.9661
858.472 12.8382
873.934 12.6284
888.77 12.2696
903.295 11.902
917.703 11.5935
930.812 11.3671
943.741 11.1029
956.967 10.9266
969.478 10.8901
980.601 10.7356
Finding solutions from different starting point
time(s) mean MWFT
996.671 14.4425
997.955 14.3958
1013.23 14.2335
1028.39 14.1511
1042.7 14.102
1058.1 14.0049
1072.77 13.3636
1086.59 12.7744
1099.76 12.3512
1112.36 12.0047
1124.39 11.7778
1136.14 11.5648
1148.1 11.3692
1160.48 11.2309
1170.86 10.9771
1181.01 10.8995
1189.7 10.8872
1198.68 10.7745
1211.77 10.7663
1222.05 10.7653
1235.31 10.7356
